<?xml version="1.0" encoding="utf-8"?><testsuites name="pytest tests"><testsuite name="pytest" errors="0" failures="0" skipped="0" tests="67" time="12.367" timestamp="2026-06-05T19:50:33.478786+00:00" hostname="agent-env-5dd3f5b1-694d-47bf-834d-a3b3c210c501"><testcase classname="backend.tests.backend_test.TestRoot" name="test_root" time="0.243" /><testcase classname="backend.tests.backend_test.TestRoot" name="test_plans" time="0.063" /><testcase classname="backend.tests.backend_test.TestAuth" name="test_register_login_me" time="1.176" /><testcase classname="backend.tests.backend_test.TestAuth" name="test_duplicate_register" time="0.243" /><testcase classname="backend.tests.backend_test.TestAuth" name="test_unauth_access" time="0.201" /><testcase classname="backend.tests.backend_test.TestTemplates" name="test_upload_template" time="0.184" /><testcase classname="backend.tests.backend_test.TestTemplates" name="test_list_templates" time="0.060" /><testcase classname="backend.tests.backend_test.TestTemplates" name="test_get_template" time="0.059" /><testcase classname="backend.tests.backend_test.TestStamps" name="test_upload_stamp" time="0.119" /><testcase classname="backend.tests.backend_test.TestStamps" name="test_list_stamps" time="0.129" /><testcase classname="backend.tests.backend_test.TestStamps" name="test_get_stamp_image" time="0.066" /><testcase classname="backend.tests.backend_test.TestDocuments" name="test_generate" time="0.196" /><testcase classname="backend.tests.backend_test.TestDocuments" name="test_download" time="0.227" /><testcase classname="backend.tests.backend_test.TestDocuments" name="test_list_documents" time="0.062" /><testcase classname="backend.tests.backend_test.TestQuota" name="test_basic_plan_quota_within_limits" time="0.478" /><testcase classname="backend.tests.backend_test.TestEmail" name="test_email_without_creds" time="0.062" /><testcase classname="backend.tests.backend_test.TestGmailConfig" name="test_email_config_initially_false" time="0.070" /><testcase classname="backend.tests.backend_test.TestGmailConfig" name="test_patch_users_me_gmail" time="0.081" /><testcase classname="backend.tests.backend_test.TestGmailConfig" name="test_email_config_after_save" time="0.073" /><testcase classname="backend.tests.backend_test.TestGmailConfig" name="test_me_does_not_return_password" time="0.064" /><testcase classname="backend.tests.backend_test.TestGmailConfig" name="test_email_with_bad_creds" time="0.807" /><testcase classname="backend.tests.backend_test.TestQESProviders" name="test_list_providers" time="0.064" /><testcase classname="backend.tests.backend_test.TestQESProviders" name="test_qes_unauth" time="0.238" /><testcase classname="backend.tests.backend_test.TestQESProviders" name="test_set_qes_provider" time="0.070" /><testcase classname="backend.tests.backend_test.TestStripe" name="test_checkout" time="1.021" /><testcase classname="backend.tests.backend_test.TestStripe" name="test_invalid_plan" time="0.060" /><testcase classname="backend.tests.backend_test.TestDelete" name="test_delete_document" time="0.117" /><testcase classname="backend.tests.test_v45_features.TestRegisterGDPR" name="test_register_without_consent_rejected" time="0.231" /><testcase classname="backend.tests.test_v45_features.TestRegisterGDPR" name="test_register_with_consent_ok" time="0.744" /><testcase classname="backend.tests.test_v45_features.TestProject" name="test_get_project_autocreates" time="0.072" /><testcase classname="backend.tests.test_v45_features.TestProject" name="test_update_project_full" time="0.065" /><testcase classname="backend.tests.test_v45_features.TestProject" name="test_update_project_partial" time="0.067" /><testcase classname="backend.tests.test_v45_features.TestTechnical" name="test_technical_normal" time="0.064" /><testcase classname="backend.tests.test_v45_features.TestTechnical" name="test_technical_long_bransament_warning" time="0.058" /><testcase classname="backend.tests.test_v45_features.TestTechnical" name="test_technical_override" time="0.062" /><testcase classname="backend.tests.test_v45_features.TestTechnical" name="test_recalculate" time="0.061" /><testcase classname="backend.tests.test_v45_features.TestTechnical" name="test_placeholders" time="0.057" /><testcase classname="backend.tests.test_v45_features.TestCertifications" name="test_create_certification" time="0.058" /><testcase classname="backend.tests.test_v45_features.TestCertifications" name="test_invalid_role" time="0.054" /><testcase classname="backend.tests.test_v45_features.TestCertifications" name="test_list_certifications" time="0.058" /><testcase classname="backend.tests.test_v45_features.TestAI" name="test_parse_verify" time="0.057" /><testcase classname="backend.tests.test_v45_features.TestAI" name="test_parse_unknown" time="0.059" /><testcase classname="backend.tests.test_v45_features.TestAI" name="test_parse_run_calc" time="0.059" /><testcase classname="backend.tests.test_v45_features.TestVerification" name="test_verification" time="0.069" /><testcase classname="backend.tests.test_v45_features.TestAudit" name="test_audit" time="0.056" /><testcase classname="backend.tests.test_v45_features.TestGDPR" name="test_gdpr_export" time="0.079" /><testcase classname="backend.tests.test_v45_features.TestGDPR" name="test_gdpr_delete_account" time="0.124" /><testcase classname="backend.tests.test_v46_features.TestIndustries" name="test_industries_list" time="0.201" /><testcase classname="backend.tests.test_v46_features.TestIndustries" name="test_gas_active_others_coming_soon" time="0.054" /><testcase classname="backend.tests.test_v46_features.TestIndustries" name="test_gas_subdomains_active" time="0.050" /><testcase classname="backend.tests.test_v46_features.TestSystemTemplates" name="test_list_system_templates" time="0.058" /><testcase classname="backend.tests.test_v46_features.TestSystemTemplates" name="test_system_template_fields" time="0.053" /><testcase classname="backend.tests.test_v46_features.TestSystemTemplates" name="test_filter_industry_gas" time="0.056" /><testcase classname="backend.tests.test_v46_features.TestSystemTemplates" name="test_clone_system_template" time="0.695" /><testcase classname="backend.tests.test_v46_features.TestMultiProject" name="test_list_projects_has_at_least_one" time="0.128" /><testcase classname="backend.tests.test_v46_features.TestMultiProject" name="test_create_activate_new_project" time="0.289" /><testcase classname="backend.tests.test_v46_features.TestMultiProject" name="test_archive_unarchive_delete" time="0.420" /><testcase classname="backend.tests.test_v46_features.TestMultiProject" name="test_update_active_project" time="0.169" /><testcase classname="backend.tests.test_v46_features.TestDeveloperAutoDetect" name="test_developer_email_is_developer" time="0.614" /><testcase classname="backend.tests.test_v46_features.TestDeveloperAutoDetect" name="test_non_developer_is_not" time="0.001" /><testcase classname="backend.tests.test_v46_features.TestAIDeveloper" name="test_dev_plan_as_developer" time="0.063" /><testcase classname="backend.tests.test_v46_features.TestAIDeveloper" name="test_dev_plan_forbidden_for_regular" time="0.056" /><testcase classname="backend.tests.test_v46_features.TestAIDeveloper" name="test_safety_rules_developer" time="0.056" /><testcase classname="backend.tests.test_v46_features.TestAIDeveloper" name="test_safety_rules_forbidden_for_regular" time="0.052" /><testcase classname="backend.tests.test_v46_features.TestQESCredentials" name="test_put_certsign_creds" time="0.063" /><testcase classname="backend.tests.test_v46_features.TestQESCredentials" name="test_put_unknown_provider_400" time="0.072" /><testcase classname="backend.tests.test_v46_features.TestQESCredentials" name="test_get_creds_returns_counts_not_values" time="0.133" /></testsuite></testsuites>