<?xml version="1.0" encoding="utf-8"?><testsuites name="pytest tests"><testsuite name="pytest" errors="0" failures="0" skipped="0" tests="19" time="5.910" timestamp="2026-06-05T18:05:58.752005+00:00" hostname="agent-env-5dd3f5b1-694d-47bf-834d-a3b3c210c501"><testcase classname="backend.tests.backend_test.TestRoot" name="test_root" time="0.387" /><testcase classname="backend.tests.backend_test.TestRoot" name="test_plans" time="0.084" /><testcase classname="backend.tests.backend_test.TestAuth" name="test_register_login_me" time="1.311" /><testcase classname="backend.tests.backend_test.TestAuth" name="test_duplicate_register" time="0.309" /><testcase classname="backend.tests.backend_test.TestAuth" name="test_unauth_access" time="0.225" /><testcase classname="backend.tests.backend_test.TestTemplates" name="test_upload_template" time="0.182" /><testcase classname="backend.tests.backend_test.TestTemplates" name="test_list_templates" time="0.070" /><testcase classname="backend.tests.backend_test.TestTemplates" name="test_get_template" time="0.079" /><testcase classname="backend.tests.backend_test.TestStamps" name="test_upload_stamp" time="0.069" /><testcase classname="backend.tests.backend_test.TestStamps" name="test_list_stamps" time="0.186" /><testcase classname="backend.tests.backend_test.TestStamps" name="test_get_stamp_image" time="0.072" /><testcase classname="backend.tests.backend_test.TestDocuments" name="test_generate" time="0.208" /><testcase classname="backend.tests.backend_test.TestDocuments" name="test_download" time="0.152" /><testcase classname="backend.tests.backend_test.TestDocuments" name="test_list_documents" time="0.097" /><testcase classname="backend.tests.backend_test.TestQuota" name="test_free_plan_quota" time="0.647" /><testcase classname="backend.tests.backend_test.TestEmail" name="test_email_without_creds" time="0.089" /><testcase classname="backend.tests.backend_test.TestStripe" name="test_checkout" time="0.864" /><testcase classname="backend.tests.backend_test.TestStripe" name="test_invalid_plan" time="0.053" /><testcase classname="backend.tests.backend_test.TestDelete" name="test_delete_document" time="0.118" /></testsuite></testsuites>