<?xml version="1.0" encoding="utf-8"?><testsuites name="pytest tests"><testsuite name="pytest" errors="0" failures="0" skipped="0" tests="27" time="8.937" timestamp="2026-06-05T18:19:22.369342+00:00" hostname="agent-env-5dd3f5b1-694d-47bf-834d-a3b3c210c501"><testcase classname="backend.tests.backend_test.TestRoot" name="test_root" time="0.443" /><testcase classname="backend.tests.backend_test.TestRoot" name="test_plans" time="0.076" /><testcase classname="backend.tests.backend_test.TestAuth" name="test_register_login_me" time="1.647" /><testcase classname="backend.tests.backend_test.TestAuth" name="test_duplicate_register" time="0.212" /><testcase classname="backend.tests.backend_test.TestAuth" name="test_unauth_access" time="0.265" /><testcase classname="backend.tests.backend_test.TestTemplates" name="test_upload_template" time="0.273" /><testcase classname="backend.tests.backend_test.TestTemplates" name="test_list_templates" time="0.077" /><testcase classname="backend.tests.backend_test.TestTemplates" name="test_get_template" time="0.069" /><testcase classname="backend.tests.backend_test.TestStamps" name="test_upload_stamp" time="0.136" /><testcase classname="backend.tests.backend_test.TestStamps" name="test_list_stamps" time="0.070" /><testcase classname="backend.tests.backend_test.TestStamps" name="test_get_stamp_image" time="0.068" /><testcase classname="backend.tests.backend_test.TestDocuments" name="test_generate" time="0.441" /><testcase classname="backend.tests.backend_test.TestDocuments" name="test_download" time="0.186" /><testcase classname="backend.tests.backend_test.TestDocuments" name="test_list_documents" time="0.075" /><testcase classname="backend.tests.backend_test.TestQuota" name="test_free_plan_quota" time="0.742" /><testcase classname="backend.tests.backend_test.TestEmail" name="test_email_without_creds" time="0.078" /><testcase classname="backend.tests.backend_test.TestGmailConfig" name="test_email_config_initially_false" time="0.073" /><testcase classname="backend.tests.backend_test.TestGmailConfig" name="test_patch_users_me_gmail" time="0.073" /><testcase classname="backend.tests.backend_test.TestGmailConfig" name="test_email_config_after_save" time="0.069" /><testcase classname="backend.tests.backend_test.TestGmailConfig" name="test_me_does_not_return_password" time="0.062" /><testcase classname="backend.tests.backend_test.TestGmailConfig" name="test_email_with_bad_creds" time="1.313" /><testcase classname="backend.tests.backend_test.TestQESProviders" name="test_list_providers" time="0.070" /><testcase classname="backend.tests.backend_test.TestQESProviders" name="test_qes_unauth" time="0.260" /><testcase classname="backend.tests.backend_test.TestQESProviders" name="test_set_qes_provider" time="0.082" /><testcase classname="backend.tests.backend_test.TestStripe" name="test_checkout" time="0.970" /><testcase classname="backend.tests.backend_test.TestStripe" name="test_invalid_plan" time="0.079" /><testcase classname="backend.tests.backend_test.TestDelete" name="test_delete_document" time="0.130" /></testsuite></testsuites>