<?xml version="1.0" encoding="utf-8"?><testsuites name="pytest tests"><testsuite name="pytest" errors="0" failures="0" skipped="0" tests="20" time="2.682" timestamp="2026-06-05T18:43:07.648574+00:00" hostname="agent-env-5dd3f5b1-694d-47bf-834d-a3b3c210c501"><testcase classname="backend.tests.test_v45_features.TestRegisterGDPR" name="test_register_without_consent_rejected" time="0.368" /><testcase classname="backend.tests.test_v45_features.TestRegisterGDPR" name="test_register_with_consent_ok" time="0.680" /><testcase classname="backend.tests.test_v45_features.TestProject" name="test_get_project_autocreates" time="0.072" /><testcase classname="backend.tests.test_v45_features.TestProject" name="test_update_project_full" time="0.125" /><testcase classname="backend.tests.test_v45_features.TestProject" name="test_update_project_partial" time="0.072" /><testcase classname="backend.tests.test_v45_features.TestTechnical" name="test_technical_normal" time="0.066" /><testcase classname="backend.tests.test_v45_features.TestTechnical" name="test_technical_long_bransament_warning" time="0.062" /><testcase classname="backend.tests.test_v45_features.TestTechnical" name="test_technical_override" time="0.066" /><testcase classname="backend.tests.test_v45_features.TestTechnical" name="test_recalculate" time="0.072" /><testcase classname="backend.tests.test_v45_features.TestTechnical" name="test_placeholders" time="0.058" /><testcase classname="backend.tests.test_v45_features.TestCertifications" name="test_create_certification" time="0.080" /><testcase classname="backend.tests.test_v45_features.TestCertifications" name="test_invalid_role" time="0.054" /><testcase classname="backend.tests.test_v45_features.TestCertifications" name="test_list_certifications" time="0.056" /><testcase classname="backend.tests.test_v45_features.TestAI" name="test_parse_verify" time="0.063" /><testcase classname="backend.tests.test_v45_features.TestAI" name="test_parse_unknown" time="0.057" /><testcase classname="backend.tests.test_v45_features.TestAI" name="test_parse_run_calc" time="0.056" /><testcase classname="backend.tests.test_v45_features.TestVerification" name="test_verification" time="0.072" /><testcase classname="backend.tests.test_v45_features.TestAudit" name="test_audit" time="0.068" /><testcase classname="backend.tests.test_v45_features.TestGDPR" name="test_gdpr_export" time="0.071" /><testcase classname="backend.tests.test_v45_features.TestGDPR" name="test_gdpr_delete_account" time="0.130" /></testsuite></testsuites>