<?xml version="1.0" encoding="utf-8"?><testsuites name="pytest tests"><testsuite name="pytest" errors="0" failures="0" skipped="0" tests="20" time="4.234" timestamp="2026-06-05T19:50:23.595118+00:00" hostname="agent-env-5dd3f5b1-694d-47bf-834d-a3b3c210c501"><testcase classname="backend.tests.test_v46_features.TestIndustries" name="test_industries_list" time="0.443" /><testcase classname="backend.tests.test_v46_features.TestIndustries" name="test_gas_active_others_coming_soon" time="0.060" /><testcase classname="backend.tests.test_v46_features.TestIndustries" name="test_gas_subdomains_active" time="0.079" /><testcase classname="backend.tests.test_v46_features.TestSystemTemplates" name="test_list_system_templates" time="0.066" /><testcase classname="backend.tests.test_v46_features.TestSystemTemplates" name="test_system_template_fields" time="0.065" /><testcase classname="backend.tests.test_v46_features.TestSystemTemplates" name="test_filter_industry_gas" time="0.068" /><testcase classname="backend.tests.test_v46_features.TestSystemTemplates" name="test_clone_system_template" time="0.773" /><testcase classname="backend.tests.test_v46_features.TestMultiProject" name="test_list_projects_has_at_least_one" time="0.139" /><testcase classname="backend.tests.test_v46_features.TestMultiProject" name="test_create_activate_new_project" time="0.312" /><testcase classname="backend.tests.test_v46_features.TestMultiProject" name="test_archive_unarchive_delete" time="0.469" /><testcase classname="backend.tests.test_v46_features.TestMultiProject" name="test_update_active_project" time="0.133" /><testcase classname="backend.tests.test_v46_features.TestDeveloperAutoDetect" name="test_developer_email_is_developer" time="0.672" /><testcase classname="backend.tests.test_v46_features.TestDeveloperAutoDetect" name="test_non_developer_is_not" time="0.001" /><testcase classname="backend.tests.test_v46_features.TestAIDeveloper" name="test_dev_plan_as_developer" time="0.077" /><testcase classname="backend.tests.test_v46_features.TestAIDeveloper" name="test_dev_plan_forbidden_for_regular" time="0.063" /><testcase classname="backend.tests.test_v46_features.TestAIDeveloper" name="test_safety_rules_developer" time="0.062" /><testcase classname="backend.tests.test_v46_features.TestAIDeveloper" name="test_safety_rules_forbidden_for_regular" time="0.065" /><testcase classname="backend.tests.test_v46_features.TestQESCredentials" name="test_put_certsign_creds" time="0.072" /><testcase classname="backend.tests.test_v46_features.TestQESCredentials" name="test_put_unknown_provider_400" time="0.062" /><testcase classname="backend.tests.test_v46_features.TestQESCredentials" name="test_get_creds_returns_counts_not_values" time="0.137" /></testsuite></testsuites>